2023-07-28 10:49:49,103 - hr_management.settings - DEBUG - /home/gokul/Desktop/latesh upto date (another copy)/hr_management/hr_management/hr_management/settings.py:192 - User performed the action.
2023-07-28 10:49:49,103 - hr_management.settings - INFO - /home/gokul/Desktop/latesh upto date (another copy)/hr_management/hr_management/hr_management/settings.py:193 - User action was successful.
2023-07-28 10:49:49,103 - hr_management.settings - WARNING - /home/gokul/Desktop/latesh upto date (another copy)/hr_management/hr_management/hr_management/settings.py:194 - User action had some issues.
2023-07-28 10:49:49,103 - hr_management.settings - ERROR - /home/gokul/Desktop/latesh upto date (another copy)/hr_management/hr_management/hr_management/settings.py:195 - User action encountered an error.
2023-07-28 10:49:49,103 - hr_management.settings - CRITICAL - /home/gokul/Desktop/latesh upto date (another copy)/hr_management/hr_management/hr_management/settings.py:196 - Critical error in user action!
2023-07-28 05:19:49,561 - hr_management.settings - DEBUG - /home/gokul/Desktop/latesh upto date (another copy)/hr_management/hr_management/hr_management/settings.py:192 - User performed the action.
2023-07-28 05:19:49,561 - hr_management.settings - INFO - /home/gokul/Desktop/latesh upto date (another copy)/hr_management/hr_management/hr_management/settings.py:193 - User action was successful.
2023-07-28 05:19:49,561 - hr_management.settings - WARNING - /home/gokul/Desktop/latesh upto date (another copy)/hr_management/hr_management/hr_management/settings.py:194 - User action had some issues.
2023-07-28 05:19:49,561 - hr_management.settings - ERROR - /home/gokul/Desktop/latesh upto date (another copy)/hr_management/hr_management/hr_management/settings.py:195 - User action encountered an error.
2023-07-28 05:19:49,561 - hr_management.settings - CRITICAL - /home/gokul/Desktop/latesh upto date (another copy)/hr_management/hr_management/hr_management/settings.py:196 - Critical error in user action!
2023-07-28 05:20:45,856 - hr_management.settings - DEBUG - /home/gokul/Desktop/latesh upto date (another copy)/hr_management/hr_management/hr_management/settings.py:192 - User performed the action.
2023-07-28 05:20:45,856 - hr_management.settings - INFO - /home/gokul/Desktop/latesh upto date (another copy)/hr_management/hr_management/hr_management/settings.py:193 - User action was successful.
2023-07-28 05:20:45,857 - hr_management.settings - WARNING - /home/gokul/Desktop/latesh upto date (another copy)/hr_management/hr_management/hr_management/settings.py:194 - User action had some issues.
2023-07-28 05:20:45,857 - hr_management.settings - ERROR - /home/gokul/Desktop/latesh upto date (another copy)/hr_management/hr_management/hr_management/settings.py:195 - User action encountered an error.
2023-07-28 05:20:45,857 - hr_management.settings - CRITICAL - /home/gokul/Desktop/latesh upto date (another copy)/hr_management/hr_management/hr_management/settings.py:196 - Critical error in user action!
2023-07-28 05:20:49,161 - hr_management.settings - DEBUG - /home/gokul/Desktop/latesh upto date (another copy)/hr_management/hr_management/hr_management/settings.py:192 - User performed the action.
2023-07-28 05:20:49,161 - hr_management.settings - INFO - /home/gokul/Desktop/latesh upto date (another copy)/hr_management/hr_management/hr_management/settings.py:193 - User action was successful.
2023-07-28 05:20:49,162 - hr_management.settings - WARNING - /home/gokul/Desktop/latesh upto date (another copy)/hr_management/hr_management/hr_management/settings.py:194 - User action had some issues.
2023-07-28 05:20:49,162 - hr_management.settings - ERROR - /home/gokul/Desktop/latesh upto date (another copy)/hr_management/hr_management/hr_management/settings.py:195 - User action encountered an error.
2023-07-28 05:20:49,162 - hr_management.settings - CRITICAL - /home/gokul/Desktop/latesh upto date (another copy)/hr_management/hr_management/hr_management/settings.py:196 - Critical error in user action!
2023-07-28 05:20:56,217 - hr_management.settings - DEBUG - /home/gokul/Desktop/latesh upto date (another copy)/hr_management/hr_management/hr_management/settings.py:192 - User performed the action.
2023-07-28 05:20:56,217 - hr_management.settings - INFO - /home/gokul/Desktop/latesh upto date (another copy)/hr_management/hr_management/hr_management/settings.py:193 - User action was successful.
2023-07-28 05:20:56,219 - hr_management.settings - WARNING - /home/gokul/Desktop/latesh upto date (another copy)/hr_management/hr_management/hr_management/settings.py:194 - User action had some issues.
2023-07-28 05:20:56,220 - hr_management.settings - ERROR - /home/gokul/Desktop/latesh upto date (another copy)/hr_management/hr_management/hr_management/settings.py:195 - User action encountered an error.
2023-07-28 05:20:56,221 - hr_management.settings - CRITICAL - /home/gokul/Desktop/latesh upto date (another copy)/hr_management/hr_management/hr_management/settings.py:196 - Critical error in user action!
2023-07-28 05:21:12,134 - hr_management.settings - DEBUG - /home/gokul/Desktop/latesh upto date (another copy)/hr_management/hr_management/hr_management/settings.py:192 - User performed the action.
2023-07-28 05:21:12,134 - hr_management.settings - INFO - /home/gokul/Desktop/latesh upto date (another copy)/hr_management/hr_management/hr_management/settings.py:193 - User action was successful.
2023-07-28 05:21:12,134 - hr_management.settings - WARNING - /home/gokul/Desktop/latesh upto date (another copy)/hr_management/hr_management/hr_management/settings.py:194 - User action had some issues.
2023-07-28 05:21:12,134 - hr_management.settings - ERROR - /home/gokul/Desktop/latesh upto date (another copy)/hr_management/hr_management/hr_management/settings.py:195 - User action encountered an error.
2023-07-28 05:21:12,135 - hr_management.settings - CRITICAL - /home/gokul/Desktop/latesh upto date (another copy)/hr_management/hr_management/hr_management/settings.py:196 - Critical error in user action!
2023-07-28 05:21:16,891 - hr_management.settings - DEBUG - /home/gokul/Desktop/latesh upto date (another copy)/hr_management/hr_management/hr_management/settings.py:192 - User performed the action.
2023-07-28 05:21:16,891 - hr_management.settings - INFO - /home/gokul/Desktop/latesh upto date (another copy)/hr_management/hr_management/hr_management/settings.py:193 - User action was successful.
2023-07-28 05:21:16,891 - hr_management.settings - WARNING - /home/gokul/Desktop/latesh upto date (another copy)/hr_management/hr_management/hr_management/settings.py:194 - User action had some issues.
2023-07-28 05:21:16,891 - hr_management.settings - ERROR - /home/gokul/Desktop/latesh upto date (another copy)/hr_management/hr_management/hr_management/settings.py:195 - User action encountered an error.
2023-07-28 05:21:16,891 - hr_management.settings - CRITICAL - /home/gokul/Desktop/latesh upto date (another copy)/hr_management/hr_management/hr_management/settings.py:196 - Critical error in user action!
2023-07-28 05:21:33,837 - hr_management.settings - DEBUG - /home/gokul/Desktop/latesh upto date (another copy)/hr_management/hr_management/hr_management/settings.py:192 - User performed the action.
2023-07-28 05:21:33,837 - hr_management.settings - INFO - /home/gokul/Desktop/latesh upto date (another copy)/hr_management/hr_management/hr_management/settings.py:193 - User action was successful.
2023-07-28 05:21:33,837 - hr_management.settings - WARNING - /home/gokul/Desktop/latesh upto date (another copy)/hr_management/hr_management/hr_management/settings.py:194 - User action had some issues.
2023-07-28 05:21:33,838 - hr_management.settings - ERROR - /home/gokul/Desktop/latesh upto date (another copy)/hr_management/hr_management/hr_management/settings.py:195 - User action encountered an error.
2023-07-28 05:21:33,838 - hr_management.settings - CRITICAL - /home/gokul/Desktop/latesh upto date (another copy)/hr_management/hr_management/hr_management/settings.py:196 - Critical error in user action!
2023-07-28 05:21:36,645 - hr_management.settings - DEBUG - /home/gokul/Desktop/latesh upto date (another copy)/hr_management/hr_management/hr_management/settings.py:192 - User performed the action.
2023-07-28 05:21:36,645 - hr_management.settings - INFO - /home/gokul/Desktop/latesh upto date (another copy)/hr_management/hr_management/hr_management/settings.py:193 - User action was successful.
2023-07-28 05:21:36,645 - hr_management.settings - WARNING - /home/gokul/Desktop/latesh upto date (another copy)/hr_management/hr_management/hr_management/settings.py:194 - User action had some issues.
2023-07-28 05:21:36,645 - hr_management.settings - ERROR - /home/gokul/Desktop/latesh upto date (another copy)/hr_management/hr_management/hr_management/settings.py:195 - User action encountered an error.
2023-07-28 05:21:36,645 - hr_management.settings - CRITICAL - /home/gokul/Desktop/latesh upto date (another copy)/hr_management/hr_management/hr_management/settings.py:196 - Critical error in user action!
2023-07-28 05:21:39,347 - hr_management.settings - DEBUG - /home/gokul/Desktop/latesh upto date (another copy)/hr_management/hr_management/hr_management/settings.py:192 - User performed the action.
2023-07-28 05:21:39,347 - hr_management.settings - INFO - /home/gokul/Desktop/latesh upto date (another copy)/hr_management/hr_management/hr_management/settings.py:193 - User action was successful.
2023-07-28 05:21:39,349 - hr_management.settings - WARNING - /home/gokul/Desktop/latesh upto date (another copy)/hr_management/hr_management/hr_management/settings.py:194 - User action had some issues.
2023-07-28 05:21:39,350 - hr_management.settings - ERROR - /home/gokul/Desktop/latesh upto date (another copy)/hr_management/hr_management/hr_management/settings.py:195 - User action encountered an error.
2023-07-28 05:21:39,351 - hr_management.settings - CRITICAL - /home/gokul/Desktop/latesh upto date (another copy)/hr_management/hr_management/hr_management/settings.py:196 - Critical error in user action!
2023-07-28 05:22:05,172 - hr_management.settings - DEBUG - /home/gokul/Desktop/latesh upto date (another copy)/hr_management/hr_management/hr_management/settings.py:192 - User performed the action.
2023-07-28 05:22:05,172 - hr_management.settings - INFO - /home/gokul/Desktop/latesh upto date (another copy)/hr_management/hr_management/hr_management/settings.py:193 - User action was successful.
2023-07-28 05:22:05,172 - hr_management.settings - WARNING - /home/gokul/Desktop/latesh upto date (another copy)/hr_management/hr_management/hr_management/settings.py:194 - User action had some issues.
2023-07-28 05:22:05,172 - hr_management.settings - ERROR - /home/gokul/Desktop/latesh upto date (another copy)/hr_management/hr_management/hr_management/settings.py:195 - User action encountered an error.
2023-07-28 05:22:05,172 - hr_management.settings - CRITICAL - /home/gokul/Desktop/latesh upto date (another copy)/hr_management/hr_management/hr_management/settings.py:196 - Critical error in user action!
2023-07-28 05:22:09,759 - hr_management.settings - DEBUG - /home/gokul/Desktop/latesh upto date (another copy)/hr_management/hr_management/hr_management/settings.py:192 - User performed the action.
2023-07-28 05:22:09,759 - hr_management.settings - INFO - /home/gokul/Desktop/latesh upto date (another copy)/hr_management/hr_management/hr_management/settings.py:193 - User action was successful.
2023-07-28 05:22:09,760 - hr_management.settings - WARNING - /home/gokul/Desktop/latesh upto date (another copy)/hr_management/hr_management/hr_management/settings.py:194 - User action had some issues.
2023-07-28 05:22:09,760 - hr_management.settings - ERROR - /home/gokul/Desktop/latesh upto date (another copy)/hr_management/hr_management/hr_management/settings.py:195 - User action encountered an error.
2023-07-28 05:22:09,760 - hr_management.settings - CRITICAL - /home/gokul/Desktop/latesh upto date (another copy)/hr_management/hr_management/hr_management/settings.py:196 - Critical error in user action!
2023-07-28 05:22:22,771 - hr_management.settings - DEBUG - /home/gokul/Desktop/latesh upto date (another copy)/hr_management/hr_management/hr_management/settings.py:192 - User performed the action.
2023-07-28 05:22:22,772 - hr_management.settings - INFO - /home/gokul/Desktop/latesh upto date (another copy)/hr_management/hr_management/hr_management/settings.py:193 - User action was successful.
2023-07-28 05:22:22,772 - hr_management.settings - WARNING - /home/gokul/Desktop/latesh upto date (another copy)/hr_management/hr_management/hr_management/settings.py:194 - User action had some issues.
2023-07-28 05:22:22,772 - hr_management.settings - ERROR - /home/gokul/Desktop/latesh upto date (another copy)/hr_management/hr_management/hr_management/settings.py:195 - User action encountered an error.
2023-07-28 05:22:22,772 - hr_management.settings - CRITICAL - /home/gokul/Desktop/latesh upto date (another copy)/hr_management/hr_management/hr_management/settings.py:196 - Critical error in user action!
2023-07-28 05:22:25,609 - hr_management.settings - DEBUG - /home/gokul/Desktop/latesh upto date (another copy)/hr_management/hr_management/hr_management/settings.py:192 - User performed the action.
2023-07-28 05:22:25,610 - hr_management.settings - INFO - /home/gokul/Desktop/latesh upto date (another copy)/hr_management/hr_management/hr_management/settings.py:193 - User action was successful.
2023-07-28 05:22:25,610 - hr_management.settings - WARNING - /home/gokul/Desktop/latesh upto date (another copy)/hr_management/hr_management/hr_management/settings.py:194 - User action had some issues.
2023-07-28 05:22:25,610 - hr_management.settings - ERROR - /home/gokul/Desktop/latesh upto date (another copy)/hr_management/hr_management/hr_management/settings.py:195 - User action encountered an error.
2023-07-28 05:22:25,610 - hr_management.settings - CRITICAL - /home/gokul/Desktop/latesh upto date (another copy)/hr_management/hr_management/hr_management/settings.py:196 - Critical error in user action!
2023-07-28 05:22:28,461 - hr_management.settings - DEBUG - /home/gokul/Desktop/latesh upto date (another copy)/hr_management/hr_management/hr_management/settings.py:192 - User performed the action.
2023-07-28 05:22:28,461 - hr_management.settings - INFO - /home/gokul/Desktop/latesh upto date (another copy)/hr_management/hr_management/hr_management/settings.py:193 - User action was successful.
2023-07-28 05:22:28,461 - hr_management.settings - WARNING - /home/gokul/Desktop/latesh upto date (another copy)/hr_management/hr_management/hr_management/settings.py:194 - User action had some issues.
2023-07-28 05:22:28,461 - hr_management.settings - ERROR - /home/gokul/Desktop/latesh upto date (another copy)/hr_management/hr_management/hr_management/settings.py:195 - User action encountered an error.
2023-07-28 05:22:28,461 - hr_management.settings - CRITICAL - /home/gokul/Desktop/latesh upto date (another copy)/hr_management/hr_management/hr_management/settings.py:196 - Critical error in user action!
2023-07-28 05:22:30,328 - hr_management.settings - DEBUG - /home/gokul/Desktop/latesh upto date (another copy)/hr_management/hr_management/hr_management/settings.py:192 - User performed the action.
2023-07-28 05:22:30,329 - hr_management.settings - INFO - /home/gokul/Desktop/latesh upto date (another copy)/hr_management/hr_management/hr_management/settings.py:193 - User action was successful.
2023-07-28 05:22:30,329 - hr_management.settings - WARNING - /home/gokul/Desktop/latesh upto date (another copy)/hr_management/hr_management/hr_management/settings.py:194 - User action had some issues.
2023-07-28 05:22:30,329 - hr_management.settings - ERROR - /home/gokul/Desktop/latesh upto date (another copy)/hr_management/hr_management/hr_management/settings.py:195 - User action encountered an error.
2023-07-28 05:22:30,329 - hr_management.settings - CRITICAL - /home/gokul/Desktop/latesh upto date (another copy)/hr_management/hr_management/hr_management/settings.py:196 - Critical error in user action!
2023-07-28 05:22:33,385 - hr_management.settings - DEBUG - /home/gokul/Desktop/latesh upto date (another copy)/hr_management/hr_management/hr_management/settings.py:192 - User performed the action.
2023-07-28 05:22:33,385 - hr_management.settings - INFO - /home/gokul/Desktop/latesh upto date (another copy)/hr_management/hr_management/hr_management/settings.py:193 - User action was successful.
2023-07-28 05:22:33,385 - hr_management.settings - WARNING - /home/gokul/Desktop/latesh upto date (another copy)/hr_management/hr_management/hr_management/settings.py:194 - User action had some issues.
2023-07-28 05:22:33,386 - hr_management.settings - ERROR - /home/gokul/Desktop/latesh upto date (another copy)/hr_management/hr_management/hr_management/settings.py:195 - User action encountered an error.
2023-07-28 05:22:33,386 - hr_management.settings - CRITICAL - /home/gokul/Desktop/latesh upto date (another copy)/hr_management/hr_management/hr_management/settings.py:196 - Critical error in user action!
2023-07-28 05:22:37,275 - hr_management.settings - DEBUG - /home/gokul/Desktop/latesh upto date (another copy)/hr_management/hr_management/hr_management/settings.py:192 - User performed the action.
2023-07-28 05:22:37,276 - hr_management.settings - INFO - /home/gokul/Desktop/latesh upto date (another copy)/hr_management/hr_management/hr_management/settings.py:193 - User action was successful.
2023-07-28 05:22:37,276 - hr_management.settings - WARNING - /home/gokul/Desktop/latesh upto date (another copy)/hr_management/hr_management/hr_management/settings.py:194 - User action had some issues.
2023-07-28 05:22:37,276 - hr_management.settings - ERROR - /home/gokul/Desktop/latesh upto date (another copy)/hr_management/hr_management/hr_management/settings.py:195 - User action encountered an error.
2023-07-28 05:22:37,276 - hr_management.settings - CRITICAL - /home/gokul/Desktop/latesh upto date (another copy)/hr_management/hr_management/hr_management/settings.py:196 - Critical error in user action!
2023-07-28 05:23:03,698 - hr_management.settings - DEBUG - /home/gokul/Desktop/latesh upto date (another copy)/hr_management/hr_management/hr_management/settings.py:192 - User performed the action.
2023-07-28 05:23:03,698 - hr_management.settings - INFO - /home/gokul/Desktop/latesh upto date (another copy)/hr_management/hr_management/hr_management/settings.py:193 - User action was successful.
2023-07-28 05:23:03,698 - hr_management.settings - WARNING - /home/gokul/Desktop/latesh upto date (another copy)/hr_management/hr_management/hr_management/settings.py:194 - User action had some issues.
2023-07-28 05:23:03,698 - hr_management.settings - ERROR - /home/gokul/Desktop/latesh upto date (another copy)/hr_management/hr_management/hr_management/settings.py:195 - User action encountered an error.
2023-07-28 05:23:03,698 - hr_management.settings - CRITICAL - /home/gokul/Desktop/latesh upto date (another copy)/hr_management/hr_management/hr_management/settings.py:196 - Critical error in user action!
2023-07-28 05:23:08,909 - hr_management.settings - DEBUG - /home/gokul/Desktop/latesh upto date (another copy)/hr_management/hr_management/hr_management/settings.py:192 - User performed the action.
2023-07-28 05:23:08,909 - hr_management.settings - INFO - /home/gokul/Desktop/latesh upto date (another copy)/hr_management/hr_management/hr_management/settings.py:193 - User action was successful.
2023-07-28 05:23:08,910 - hr_management.settings - WARNING - /home/gokul/Desktop/latesh upto date (another copy)/hr_management/hr_management/hr_management/settings.py:194 - User action had some issues.
2023-07-28 05:23:08,910 - hr_management.settings - ERROR - /home/gokul/Desktop/latesh upto date (another copy)/hr_management/hr_management/hr_management/settings.py:195 - User action encountered an error.
2023-07-28 05:23:08,910 - hr_management.settings - CRITICAL - /home/gokul/Desktop/latesh upto date (another copy)/hr_management/hr_management/hr_management/settings.py:196 - Critical error in user action!
2023-07-28 05:23:22,796 - hr_management.settings - DEBUG - /home/gokul/Desktop/latesh upto date (another copy)/hr_management/hr_management/hr_management/settings.py:192 - User performed the action.
2023-07-28 05:23:22,796 - hr_management.settings - INFO - /home/gokul/Desktop/latesh upto date (another copy)/hr_management/hr_management/hr_management/settings.py:193 - User action was successful.
2023-07-28 05:23:22,796 - hr_management.settings - WARNING - /home/gokul/Desktop/latesh upto date (another copy)/hr_management/hr_management/hr_management/settings.py:194 - User action had some issues.
2023-07-28 05:23:22,796 - hr_management.settings - ERROR - /home/gokul/Desktop/latesh upto date (another copy)/hr_management/hr_management/hr_management/settings.py:195 - User action encountered an error.
2023-07-28 05:23:22,796 - hr_management.settings - CRITICAL - /home/gokul/Desktop/latesh upto date (another copy)/hr_management/hr_management/hr_management/settings.py:196 - Critical error in user action!
2023-07-28 05:23:24,643 - hr_management.settings - DEBUG - /home/gokul/Desktop/latesh upto date (another copy)/hr_management/hr_management/hr_management/settings.py:192 - User performed the action.
2023-07-28 05:23:24,643 - hr_management.settings - INFO - /home/gokul/Desktop/latesh upto date (another copy)/hr_management/hr_management/hr_management/settings.py:193 - User action was successful.
2023-07-28 05:23:24,643 - hr_management.settings - WARNING - /home/gokul/Desktop/latesh upto date (another copy)/hr_management/hr_management/hr_management/settings.py:194 - User action had some issues.
2023-07-28 05:23:24,644 - hr_management.settings - ERROR - /home/gokul/Desktop/latesh upto date (another copy)/hr_management/hr_management/hr_management/settings.py:195 - User action encountered an error.
2023-07-28 05:23:24,644 - hr_management.settings - CRITICAL - /home/gokul/Desktop/latesh upto date (another copy)/hr_management/hr_management/hr_management/settings.py:196 - Critical error in user action!
2023-07-28 05:23:34,454 - hr_management.settings - DEBUG - /home/gokul/Desktop/latesh upto date (another copy)/hr_management/hr_management/hr_management/settings.py:192 - User performed the action.
2023-07-28 05:23:34,454 - hr_management.settings - INFO - /home/gokul/Desktop/latesh upto date (another copy)/hr_management/hr_management/hr_management/settings.py:193 - User action was successful.
2023-07-28 05:23:34,454 - hr_management.settings - WARNING - /home/gokul/Desktop/latesh upto date (another copy)/hr_management/hr_management/hr_management/settings.py:194 - User action had some issues.
2023-07-28 05:23:34,454 - hr_management.settings - ERROR - /home/gokul/Desktop/latesh upto date (another copy)/hr_management/hr_management/hr_management/settings.py:195 - User action encountered an error.
2023-07-28 05:23:34,455 - hr_management.settings - CRITICAL - /home/gokul/Desktop/latesh upto date (another copy)/hr_management/hr_management/hr_management/settings.py:196 - Critical error in user action!
2023-07-28 05:23:58,591 - hr_management.settings - DEBUG - /home/gokul/Desktop/latesh upto date (another copy)/hr_management/hr_management/hr_management/settings.py:192 - User performed the action.
2023-07-28 05:23:58,591 - hr_management.settings - INFO - /home/gokul/Desktop/latesh upto date (another copy)/hr_management/hr_management/hr_management/settings.py:193 - User action was successful.
2023-07-28 05:23:58,591 - hr_management.settings - WARNING - /home/gokul/Desktop/latesh upto date (another copy)/hr_management/hr_management/hr_management/settings.py:194 - User action had some issues.
2023-07-28 05:23:58,591 - hr_management.settings - ERROR - /home/gokul/Desktop/latesh upto date (another copy)/hr_management/hr_management/hr_management/settings.py:195 - User action encountered an error.
2023-07-28 05:23:58,591 - hr_management.settings - CRITICAL - /home/gokul/Desktop/latesh upto date (another copy)/hr_management/hr_management/hr_management/settings.py:196 - Critical error in user action!
