Content-Type: text/plain; charset="utf-8"
MIME-Version: 1.0
Content-Transfer-Encoding: 7bit
Subject: Password Reset
From: webmaster@localhost
To: admin@gmail.com
Date: Mon, 17 Jul 2023 12:25:26 -0000
Message-ID: <168959672622.56547.2968377661043832027@gokul-HP-EliteBook-840-G3>




<head>
    <meta charset="utf-8">
    <title>Password Reset</title>
</head>
<body>
    <h2>Password Reset</h2>
    <p>Dear admin,</p>
    <p>You have requested to reset your password. Please click the link below to reset your password:</p>
    <p><a href="http://127.0.0.1:8000/password_reset/MQ/brheie-9c07806cf8328a86a651accadb588dae/">Reset Password</a></p>
    <p>If you didn't request a password reset, please ignore this email.</p>
    <p>Thank you!</p>
</body>



-------------------------------------------------------------------------------
